<?xml version="1.0" encoding="UTF-8"?>
<!-- Generated by org.testng.reporters.JUnitReportReporter -->
<testsuite hostname="Portatil-de-Hammad" failures="0" tests="1" name="com.github.project.SeleniumJava.HomePage" time="1.244" errors="0" timestamp="2025-05-08T20:52:13 IST" skipped="0">
  <testcase classname="com.github.project.SeleniumJava.HomePage" name="checkBasicAuth" time="1.244"/>
</testsuite> <!-- com.github.project.SeleniumJava.HomePage -->
